2024-10-21T23:10:18.571+09:00  INFO 4696 --- [restartedMain] c.j.r.ResumeFeedbackApplication          : Starting ResumeFeedbackApplication using Java 17.0.9 with PID 4696 (C:\study\resume-feedback\resume-feedback\out\production\classes started by user in C:\study\resume-feedback)
2024-10-21T23:10:18.576+09:00 DEBUG 4696 --- [restartedMain] c.j.r.ResumeFeedbackApplication          : Running with Spring Boot v3.4.0-SNAPSHOT, Spring v6.2.0-RC2
2024-10-21T23:10:18.577+09:00  INFO 4696 --- [restartedMain] c.j.r.ResumeFeedbackApplication          : No active profile set, falling back to 1 default profile: "default"
2024-10-21T23:10:18.620+09:00  INFO 4696 --- [restartedMain] .e.DevToolsPropertyDefaultsPostProcessor : Devtools property defaults active! Set 'spring.devtools.add-properties' to 'false' to disable
2024-10-21T23:10:18.620+09:00  INFO 4696 --- [restartedMain] .e.DevToolsPropertyDefaultsPostProcessor : For additional web related logging consider setting the 'logging.level.web' property to 'DEBUG'
2024-10-21T23:10:19.528+09:00  INFO 4696 --- [restartedMain] o.s.b.w.embedded.tomcat.TomcatWebServer  : Tomcat initialized with port 8080 (http)
2024-10-21T23:10:19.540+09:00  INFO 4696 --- [restartedMain] o.apache.catalina.core.StandardService   : Starting service [Tomcat]
2024-10-21T23:10:19.540+09:00  INFO 4696 --- [restartedMain] o.apache.catalina.core.StandardEngine    : Starting Servlet engine: [Apache Tomcat/10.1.31]
2024-10-21T23:10:19.595+09:00  INFO 4696 --- [restartedMain] o.a.c.c.C.[Tomcat].[localhost].[/]       : Initializing Spring embedded WebApplicationContext
2024-10-21T23:10:19.595+09:00  INFO 4696 --- [restartedMain] w.s.c.ServletWebServerApplicationContext : Root WebApplicationContext: initialization completed in 975 ms
2024-10-21T23:10:19.769+09:00  INFO 4696 --- [restartedMain] o.s.b.a.w.s.WelcomePageHandlerMapping    : Adding welcome page template: index
2024-10-21T23:10:19.831+09:00 DEBUG 4696 --- [restartedMain] s.w.s.m.m.a.RequestMappingHandlerMapping : 4 mappings in 'requestMappingHandlerMapping'
2024-10-21T23:10:19.886+09:00 DEBUG 4696 --- [restartedMain] o.s.w.s.handler.SimpleUrlHandlerMapping  : Patterns [/webjars/**, /**] in 'resourceHandlerMapping'
2024-10-21T23:10:19.906+09:00 DEBUG 4696 --- [restartedMain] s.w.s.m.m.a.RequestMappingHandlerAdapter : ControllerAdvice beans: 0 @ModelAttribute, 0 @InitBinder, 1 RequestBodyAdvice, 1 ResponseBodyAdvice
2024-10-21T23:10:19.977+09:00 DEBUG 4696 --- [restartedMain] .m.m.a.ExceptionHandlerExceptionResolver : ControllerAdvice beans: 0 @ExceptionHandler, 1 ResponseBodyAdvice
2024-10-21T23:10:20.040+09:00  INFO 4696 --- [restartedMain] o.s.b.d.a.OptionalLiveReloadServer       : LiveReload server is running on port 35729
2024-10-21T23:10:20.072+09:00  INFO 4696 --- [restartedMain] o.s.b.w.embedded.tomcat.TomcatWebServer  : Tomcat started on port 8080 (http) with context path '/'
2024-10-21T23:10:20.080+09:00  INFO 4696 --- [restartedMain] c.j.r.ResumeFeedbackApplication          : Started ResumeFeedbackApplication in 1.991 seconds (process running for 2.754)
2024-10-21T23:10:46.687+09:00  INFO 4696 --- [http-nio-8080-exec-1] o.a.c.c.C.[Tomcat].[localhost].[/]       : Initializing Spring DispatcherServlet 'dispatcherServlet'
2024-10-21T23:10:46.687+09:00  INFO 4696 --- [http-nio-8080-exec-1] o.s.web.servlet.DispatcherServlet        : Initializing Servlet 'dispatcherServlet'
2024-10-21T23:10:46.687+09:00 DEBUG 4696 --- [http-nio-8080-exec-1] o.s.web.servlet.DispatcherServlet        : Detected StandardServletMultipartResolver
2024-10-21T23:10:46.687+09:00 DEBUG 4696 --- [http-nio-8080-exec-1] o.s.web.servlet.DispatcherServlet        : Detected AcceptHeaderLocaleResolver
2024-10-21T23:10:46.687+09:00 DEBUG 4696 --- [http-nio-8080-exec-1] o.s.web.servlet.DispatcherServlet        : Detected FixedThemeResolver
2024-10-21T23:10:46.688+09:00 DEBUG 4696 --- [http-nio-8080-exec-1] o.s.web.servlet.DispatcherServlet        : Detected org.springframework.web.servlet.view.DefaultRequestToViewNameTranslator@260fc859
2024-10-21T23:10:46.688+09:00 DEBUG 4696 --- [http-nio-8080-exec-1] o.s.web.servlet.DispatcherServlet        : Detected org.springframework.web.servlet.support.SessionFlashMapManager@6578660d
2024-10-21T23:10:46.689+09:00 DEBUG 4696 --- [http-nio-8080-exec-1] o.s.web.servlet.DispatcherServlet        : enableLoggingRequestDetails='false': request parameters and headers will be masked to prevent unsafe logging of potentially sensitive data
2024-10-21T23:10:46.689+09:00  INFO 4696 --- [http-nio-8080-exec-1] o.s.web.servlet.DispatcherServlet        : Completed initialization in 2 ms
2024-10-21T23:10:46.697+09:00 DEBUG 4696 --- [http-nio-8080-exec-1] o.s.web.servlet.DispatcherServlet        : GET "/", parameters={}
2024-10-21T23:10:46.706+09:00 DEBUG 4696 --- [http-nio-8080-exec-1] s.w.s.m.m.a.RequestMappingHandlerMapping : Mapped to com.jobprep.resume_feedback.controller.FileUploadController#showHome()
2024-10-21T23:10:46.728+09:00 DEBUG 4696 --- [http-nio-8080-exec-1] o.s.w.s.v.ContentNegotiatingViewResolver : Selected 'text/html' given [text/html, application/xhtml+xml, image/avif, image/webp, image/apng, application/xml;q=0.9, */*;q=0.8, application/signed-exchange;v=b3;q=0.7]
2024-10-21T23:10:46.904+09:00 DEBUG 4696 --- [http-nio-8080-exec-1] o.s.web.servlet.DispatcherServlet        : Completed 200 OK
2024-10-21T23:10:47.221+09:00 DEBUG 4696 --- [http-nio-8080-exec-2] o.s.web.servlet.DispatcherServlet        : GET "/favicon.ico", parameters={}
2024-10-21T23:10:47.225+09:00 DEBUG 4696 --- [http-nio-8080-exec-2] o.s.w.s.handler.SimpleUrlHandlerMapping  : Mapped to ResourceHttpRequestHandler [classpath [META-INF/resources/], classpath [resources/], classpath [static/], classpath [public/], ServletContext [/]]
2024-10-21T23:10:47.228+09:00 DEBUG 4696 --- [http-nio-8080-exec-2] o.s.w.s.r.ResourceHttpRequestHandler     : Resource not found
2024-10-21T23:10:47.231+09:00 DEBUG 4696 --- [http-nio-8080-exec-2] .w.s.m.s.DefaultHandlerExceptionResolver : Resolved [org.springframework.web.servlet.resource.NoResourceFoundException: No static resource favicon.ico.]
2024-10-21T23:10:47.231+09:00 DEBUG 4696 --- [http-nio-8080-exec-2] o.s.web.servlet.DispatcherServlet        : Completed 404 NOT_FOUND
2024-10-21T23:10:47.236+09:00 DEBUG 4696 --- [http-nio-8080-exec-2] o.s.web.servlet.DispatcherServlet        : "ERROR" dispatch for GET "/error", parameters={}
2024-10-21T23:10:47.237+09:00 DEBUG 4696 --- [http-nio-8080-exec-2] s.w.s.m.m.a.RequestMappingHandlerMapping : Mapped to org.springframework.boot.autoconfigure.web.servlet.error.BasicErrorController#error(HttpServletRequest)
2024-10-21T23:10:47.254+09:00 DEBUG 4696 --- [http-nio-8080-exec-2] o.s.w.s.m.m.a.HttpEntityMethodProcessor  : Using 'application/json;q=0.8', given [image/avif, image/webp, image/apng, image/svg+xml, image/*, */*;q=0.8] and supported [application/json, application/*+json]
2024-10-21T23:10:47.257+09:00 DEBUG 4696 --- [http-nio-8080-exec-2] o.s.w.s.m.m.a.HttpEntityMethodProcessor  : Writing [{timestamp=Mon Oct 21 23:10:47 KST 2024, status=404, error=Not Found, trace=org.springframework.web. (truncated)...]
2024-10-21T23:10:47.292+09:00 DEBUG 4696 --- [http-nio-8080-exec-2] o.s.web.servlet.DispatcherServlet        : Exiting from "ERROR" dispatch, status 404
2024-10-21T23:10:51.052+09:00  INFO 4696 --- [SpringApplicationShutdownHook] o.s.b.w.e.tomcat.GracefulShutdown        : Commencing graceful shutdown. Waiting for active requests to complete
2024-10-21T23:10:51.303+09:00  INFO 4696 --- [tomcat-shutdown] o.s.b.w.e.tomcat.GracefulShutdown        : Graceful shutdown complete
